17:50:47: Creating resource group General
17:50:47: Creating resource group Internal
17:50:47: Creating resource group Autodetect
17:50:47: Registering ResourceManager for type Mesh
17:50:47: Registering ResourceManager for type Material
17:50:47: Registering ResourceManager for type Skeleton
17:50:48: XMLMeshSerializer reading mesh data from Mesh.010.mesh.xml...
17:50:49: Reading submeshes...
17:50:49: Reading geometry...
17:50:50: Geometry done...
17:50:50: Submeshes done.
17:50:50: XMLMeshSerializer import successful.
17:50:50: Reorganising vertex buffers to automatic layout..
17:50:50: MeshSerializer writing mesh data to Mesh.010.mesh...
17:50:50: File header written.
17:50:50: Writing mesh data...
17:50:50: Writing submesh...
17:50:50: Exporting submesh texture aliases...
17:50:50: Submesh texture aliases exported.
17:50:50: Submesh exported.
17:50:50: Exporting bounds information....
17:50:50: Bounds information exported.
17:50:50: Exporting submesh name table...
17:50:50: Submesh name table exported.
17:50:50: Exporting edge lists...
17:50:50: Edge lists exported
17:50:50: Mesh data exported.
17:50:50: MeshSerializer export successful.
17:50:50: Unregistering ResourceManager for type Skeleton
17:50:50: Unregistering ResourceManager for type Material
17:50:50: Unregistering ResourceManager for type Mesh
