Determining if the pthread_create exist failed with the following output:
Change Dir: /home/lsa/ocean2/build_isolated/visualization_osg/CMakeFiles/CMakeTmp

Run Build Command:"/usr/bin/make" "cmTC_2db4f/fast"
/usr/bin/make -f CMakeFiles/cmTC_2db4f.dir/build.make CMakeFiles/cmTC_2db4f.dir/build
make[1]: Entering directory '/home/lsa/ocean2/build_isolated/visualization_osg/CMakeFiles/CMakeTmp'
Building C object CMakeFiles/cmTC_2db4f.dir/CheckSymbolExists.c.o
/usr/bin/cc     -o CMakeFiles/cmTC_2db4f.dir/CheckSymbolExists.c.o   -c /home/lsa/ocean2/build_isolated/visualization_osg/CMakeFiles/CMakeTmp/CheckSymbolExists.c
Linking C executable cmTC_2db4f
/usr/bin/cmake -E cmake_link_script CMakeFiles/cmTC_2db4f.dir/link.txt --verbose=1
/usr/bin/cc       CMakeFiles/cmTC_2db4f.dir/CheckSymbolExists.c.o  -o cmTC_2db4f -rdynamic 
CMakeFiles/cmTC_2db4f.dir/CheckSymbolExists.c.o: In function `main':
CheckSymbolExists.c:(.text+0x16): undefined reference to `pthread_create'
collect2: error: ld returned 1 exit status
CMakeFiles/cmTC_2db4f.dir/build.make:97: recipe for target 'cmTC_2db4f' failed
make[1]: *** [cmTC_2db4f] Error 1
make[1]: Leaving directory '/home/lsa/ocean2/build_isolated/visualization_osg/CMakeFiles/CMakeTmp'
Makefile:126: recipe for target 'cmTC_2db4f/fast' failed
make: *** [cmTC_2db4f/fast] Error 2

File /home/lsa/ocean2/build_isolated/visualization_osg/CMakeFiles/CMakeTmp/CheckSymbolExists.c:
/* */
#include <pthread.h>

int main(int argc, char** argv)
{
  (void)argv;
#ifndef pthread_create
  return ((int*)(&pthread_create))[argc];
#else
  (void)argc;
  return 0;
#endif
}

Determining if the function pthread_create exists in the pthreads failed with the following output:
Change Dir: /home/lsa/ocean2/build_isolated/visualization_osg/CMakeFiles/CMakeTmp

Run Build Command:"/usr/bin/make" "cmTC_e2608/fast"
/usr/bin/make -f CMakeFiles/cmTC_e2608.dir/build.make CMakeFiles/cmTC_e2608.dir/build
make[1]: Entering directory '/home/lsa/ocean2/build_isolated/visualization_osg/CMakeFiles/CMakeTmp'
Building C object CMakeFiles/cmTC_e2608.dir/CheckFunctionExists.c.o
/usr/bin/cc    -DCHECK_FUNCTION_EXISTS=pthread_create   -o CMakeFiles/cmTC_e2608.dir/CheckFunctionExists.c.o   -c /usr/share/cmake-3.5/Modules/CheckFunctionExists.c
Linking C executable cmTC_e2608
/usr/bin/cmake -E cmake_link_script CMakeFiles/cmTC_e2608.dir/link.txt --verbose=1
/usr/bin/cc   -DCHECK_FUNCTION_EXISTS=pthread_create    CMakeFiles/cmTC_e2608.dir/CheckFunctionExists.c.o  -o cmTC_e2608 -rdynamic -lpthreads 
/usr/bin/ld: cannot find -lpthreads
collect2: error: ld returned 1 exit status
CMakeFiles/cmTC_e2608.dir/build.make:97: recipe for target 'cmTC_e2608' failed
make[1]: *** [cmTC_e2608] Error 1
make[1]: Leaving directory '/home/lsa/ocean2/build_isolated/visualization_osg/CMakeFiles/CMakeTmp'
Makefile:126: recipe for target 'cmTC_e2608/fast' failed
make: *** [cmTC_e2608/fast] Error 2


