Determining if the pthread_create exist failed with the following output:
Change Dir: /home/paravisi/usv_sim_lsa/src/underwater_simulation/underwater_vehicle_dynamics/build/CMakeFiles/CMakeTmp

Run Build Command:"/usr/bin/make" "cmTC_86b93/fast"
make[1]: Entering directory '/home/paravisi/usv_sim_lsa/src/underwater_simulation/underwater_vehicle_dynamics/build/CMakeFiles/CMakeTmp'
/usr/bin/make -f CMakeFiles/cmTC_86b93.dir/build.make CMakeFiles/cmTC_86b93.dir/build
make[2]: Entering directory '/home/paravisi/usv_sim_lsa/src/underwater_simulation/underwater_vehicle_dynamics/build/CMakeFiles/CMakeTmp'
Building C object CMakeFiles/cmTC_86b93.dir/CheckSymbolExists.c.o
/usr/bin/cc     -o CMakeFiles/cmTC_86b93.dir/CheckSymbolExists.c.o   -c /home/paravisi/usv_sim_lsa/src/underwater_simulation/underwater_vehicle_dynamics/build/CMakeFiles/CMakeTmp/CheckSymbolExists.c
Linking C executable cmTC_86b93
/usr/bin/cmake -E cmake_link_script CMakeFiles/cmTC_86b93.dir/link.txt --verbose=1
/usr/bin/cc       CMakeFiles/cmTC_86b93.dir/CheckSymbolExists.c.o  -o cmTC_86b93 -rdynamic 
CMakeFiles/cmTC_86b93.dir/CheckSymbolExists.c.o: In function `main':
CheckSymbolExists.c:(.text+0x16): undefined reference to `pthread_create'
collect2: error: ld returned 1 exit status
CMakeFiles/cmTC_86b93.dir/build.make:97: recipe for target 'cmTC_86b93' failed
make[2]: *** [cmTC_86b93] Error 1
make[2]: Leaving directory '/home/paravisi/usv_sim_lsa/src/underwater_simulation/underwater_vehicle_dynamics/build/CMakeFiles/CMakeTmp'
Makefile:126: recipe for target 'cmTC_86b93/fast' failed
make[1]: *** [cmTC_86b93/fast] Error 2
make[1]: Leaving directory '/home/paravisi/usv_sim_lsa/src/underwater_simulation/underwater_vehicle_dynamics/build/CMakeFiles/CMakeTmp'

File /home/paravisi/usv_sim_lsa/src/underwater_simulation/underwater_vehicle_dynamics/build/CMakeFiles/CMakeTmp/CheckSymbolExists.c:
/* */
#include <pthread.h>

int main(int argc, char** argv)
{
  (void)argv;
#ifndef pthread_create
  return ((int*)(&pthread_create))[argc];
#else
  (void)argc;
  return 0;
#endif
}

Determining if the function pthread_create exists in the pthreads failed with the following output:
Change Dir: /home/paravisi/usv_sim_lsa/src/underwater_simulation/underwater_vehicle_dynamics/build/CMakeFiles/CMakeTmp

Run Build Command:"/usr/bin/make" "cmTC_fe087/fast"
make[1]: Entering directory '/home/paravisi/usv_sim_lsa/src/underwater_simulation/underwater_vehicle_dynamics/build/CMakeFiles/CMakeTmp'
/usr/bin/make -f CMakeFiles/cmTC_fe087.dir/build.make CMakeFiles/cmTC_fe087.dir/build
make[2]: Entering directory '/home/paravisi/usv_sim_lsa/src/underwater_simulation/underwater_vehicle_dynamics/build/CMakeFiles/CMakeTmp'
Building C object CMakeFiles/cmTC_fe087.dir/CheckFunctionExists.c.o
/usr/bin/cc    -DCHECK_FUNCTION_EXISTS=pthread_create   -o CMakeFiles/cmTC_fe087.dir/CheckFunctionExists.c.o   -c /usr/share/cmake-3.5/Modules/CheckFunctionExists.c
Linking C executable cmTC_fe087
/usr/bin/cmake -E cmake_link_script CMakeFiles/cmTC_fe087.dir/link.txt --verbose=1
/usr/bin/cc   -DCHECK_FUNCTION_EXISTS=pthread_create    CMakeFiles/cmTC_fe087.dir/CheckFunctionExists.c.o  -o cmTC_fe087 -rdynamic -lpthreads 
/usr/bin/ld: cannot find -lpthreads
collect2: error: ld returned 1 exit status
CMakeFiles/cmTC_fe087.dir/build.make:97: recipe for target 'cmTC_fe087' failed
make[2]: *** [cmTC_fe087] Error 1
make[2]: Leaving directory '/home/paravisi/usv_sim_lsa/src/underwater_simulation/underwater_vehicle_dynamics/build/CMakeFiles/CMakeTmp'
Makefile:126: recipe for target 'cmTC_fe087/fast' failed
make[1]: *** [cmTC_fe087/fast] Error 2
make[1]: Leaving directory '/home/paravisi/usv_sim_lsa/src/underwater_simulation/underwater_vehicle_dynamics/build/CMakeFiles/CMakeTmp'


