Determining if the pthread_create exist failed with the following output:
Change Dir: /home/lsa/ocean2/build_isolated/underwater_vehicle_dynamics/CMakeFiles/CMakeTmp

Run Build Command:"/usr/bin/make" "cmTC_adede/fast"
/usr/bin/make -f CMakeFiles/cmTC_adede.dir/build.make CMakeFiles/cmTC_adede.dir/build
make[1]: Entering directory '/home/lsa/ocean2/build_isolated/underwater_vehicle_dynamics/CMakeFiles/CMakeTmp'
Building C object CMakeFiles/cmTC_adede.dir/CheckSymbolExists.c.o
/usr/bin/cc     -o CMakeFiles/cmTC_adede.dir/CheckSymbolExists.c.o   -c /home/lsa/ocean2/build_isolated/underwater_vehicle_dynamics/CMakeFiles/CMakeTmp/CheckSymbolExists.c
Linking C executable cmTC_adede
/usr/bin/cmake -E cmake_link_script CMakeFiles/cmTC_adede.dir/link.txt --verbose=1
/usr/bin/cc       CMakeFiles/cmTC_adede.dir/CheckSymbolExists.c.o  -o cmTC_adede -rdynamic 
CMakeFiles/cmTC_adede.dir/CheckSymbolExists.c.o: In function `main':
CheckSymbolExists.c:(.text+0x16): undefined reference to `pthread_create'
collect2: error: ld returned 1 exit status
CMakeFiles/cmTC_adede.dir/build.make:97: recipe for target 'cmTC_adede' failed
make[1]: *** [cmTC_adede] Error 1
make[1]: Leaving directory '/home/lsa/ocean2/build_isolated/underwater_vehicle_dynamics/CMakeFiles/CMakeTmp'
Makefile:126: recipe for target 'cmTC_adede/fast' failed
make: *** [cmTC_adede/fast] Error 2

File /home/lsa/ocean2/build_isolated/underwater_vehicle_dynamics/CMakeFiles/CMakeTmp/CheckSymbolExists.c:
/* */
#include <pthread.h>

int main(int argc, char** argv)
{
  (void)argv;
#ifndef pthread_create
  return ((int*)(&pthread_create))[argc];
#else
  (void)argc;
  return 0;
#endif
}

Determining if the function pthread_create exists in the pthreads failed with the following output:
Change Dir: /home/lsa/ocean2/build_isolated/underwater_vehicle_dynamics/CMakeFiles/CMakeTmp

Run Build Command:"/usr/bin/make" "cmTC_f2c6d/fast"
/usr/bin/make -f CMakeFiles/cmTC_f2c6d.dir/build.make CMakeFiles/cmTC_f2c6d.dir/build
make[1]: Entering directory '/home/lsa/ocean2/build_isolated/underwater_vehicle_dynamics/CMakeFiles/CMakeTmp'
Building C object CMakeFiles/cmTC_f2c6d.dir/CheckFunctionExists.c.o
/usr/bin/cc    -DCHECK_FUNCTION_EXISTS=pthread_create   -o CMakeFiles/cmTC_f2c6d.dir/CheckFunctionExists.c.o   -c /usr/share/cmake-3.5/Modules/CheckFunctionExists.c
Linking C executable cmTC_f2c6d
/usr/bin/cmake -E cmake_link_script CMakeFiles/cmTC_f2c6d.dir/link.txt --verbose=1
/usr/bin/cc   -DCHECK_FUNCTION_EXISTS=pthread_create    CMakeFiles/cmTC_f2c6d.dir/CheckFunctionExists.c.o  -o cmTC_f2c6d -rdynamic -lpthreads 
/usr/bin/ld: cannot find -lpthreads
collect2: error: ld returned 1 exit status
CMakeFiles/cmTC_f2c6d.dir/build.make:97: recipe for target 'cmTC_f2c6d' failed
make[1]: *** [cmTC_f2c6d] Error 1
make[1]: Leaving directory '/home/lsa/ocean2/build_isolated/underwater_vehicle_dynamics/CMakeFiles/CMakeTmp'
Makefile:126: recipe for target 'cmTC_f2c6d/fast' failed
make: *** [cmTC_f2c6d/fast] Error 2


