Determining if the pthread_create exist failed with the following output:
Change Dir: /home/lsa/ocean2/build_isolated/osg_interactive_markers/CMakeFiles/CMakeTmp

Run Build Command:"/usr/bin/make" "cmTC_87def/fast"
/usr/bin/make -f CMakeFiles/cmTC_87def.dir/build.make CMakeFiles/cmTC_87def.dir/build
make[1]: Entering directory '/home/lsa/ocean2/build_isolated/osg_interactive_markers/CMakeFiles/CMakeTmp'
Building C object CMakeFiles/cmTC_87def.dir/CheckSymbolExists.c.o
/usr/bin/cc     -o CMakeFiles/cmTC_87def.dir/CheckSymbolExists.c.o   -c /home/lsa/ocean2/build_isolated/osg_interactive_markers/CMakeFiles/CMakeTmp/CheckSymbolExists.c
Linking C executable cmTC_87def
/usr/bin/cmake -E cmake_link_script CMakeFiles/cmTC_87def.dir/link.txt --verbose=1
/usr/bin/cc       CMakeFiles/cmTC_87def.dir/CheckSymbolExists.c.o  -o cmTC_87def -rdynamic 
CMakeFiles/cmTC_87def.dir/CheckSymbolExists.c.o: In function `main':
CheckSymbolExists.c:(.text+0x16): undefined reference to `pthread_create'
collect2: error: ld returned 1 exit status
CMakeFiles/cmTC_87def.dir/build.make:97: recipe for target 'cmTC_87def' failed
make[1]: *** [cmTC_87def] Error 1
make[1]: Leaving directory '/home/lsa/ocean2/build_isolated/osg_interactive_markers/CMakeFiles/CMakeTmp'
Makefile:126: recipe for target 'cmTC_87def/fast' failed
make: *** [cmTC_87def/fast] Error 2

File /home/lsa/ocean2/build_isolated/osg_interactive_markers/CMakeFiles/CMakeTmp/CheckSymbolExists.c:
/* */
#include <pthread.h>

int main(int argc, char** argv)
{
  (void)argv;
#ifndef pthread_create
  return ((int*)(&pthread_create))[argc];
#else
  (void)argc;
  return 0;
#endif
}

Determining if the function pthread_create exists in the pthreads failed with the following output:
Change Dir: /home/lsa/ocean2/build_isolated/osg_interactive_markers/CMakeFiles/CMakeTmp

Run Build Command:"/usr/bin/make" "cmTC_d73f0/fast"
/usr/bin/make -f CMakeFiles/cmTC_d73f0.dir/build.make CMakeFiles/cmTC_d73f0.dir/build
make[1]: Entering directory '/home/lsa/ocean2/build_isolated/osg_interactive_markers/CMakeFiles/CMakeTmp'
Building C object CMakeFiles/cmTC_d73f0.dir/CheckFunctionExists.c.o
/usr/bin/cc    -DCHECK_FUNCTION_EXISTS=pthread_create   -o CMakeFiles/cmTC_d73f0.dir/CheckFunctionExists.c.o   -c /usr/share/cmake-3.5/Modules/CheckFunctionExists.c
Linking C executable cmTC_d73f0
/usr/bin/cmake -E cmake_link_script CMakeFiles/cmTC_d73f0.dir/link.txt --verbose=1
/usr/bin/cc   -DCHECK_FUNCTION_EXISTS=pthread_create    CMakeFiles/cmTC_d73f0.dir/CheckFunctionExists.c.o  -o cmTC_d73f0 -rdynamic -lpthreads 
/usr/bin/ld: cannot find -lpthreads
collect2: error: ld returned 1 exit status
CMakeFiles/cmTC_d73f0.dir/build.make:97: recipe for target 'cmTC_d73f0' failed
make[1]: *** [cmTC_d73f0] Error 1
make[1]: Leaving directory '/home/lsa/ocean2/build_isolated/osg_interactive_markers/CMakeFiles/CMakeTmp'
Makefile:126: recipe for target 'cmTC_d73f0/fast' failed
make: *** [cmTC_d73f0/fast] Error 2


