Determining if the pthread_create exist failed with the following output:
Change Dir: /home/lsa/ocean2/build_isolated/freefloating_gazebo_demo/CMakeFiles/CMakeTmp

Run Build Command:"/usr/bin/make" "cmTC_de1df/fast"
/usr/bin/make -f CMakeFiles/cmTC_de1df.dir/build.make CMakeFiles/cmTC_de1df.dir/build
make[1]: Entering directory '/home/lsa/ocean2/build_isolated/freefloating_gazebo_demo/CMakeFiles/CMakeTmp'
Building C object CMakeFiles/cmTC_de1df.dir/CheckSymbolExists.c.o
/usr/bin/cc     -o CMakeFiles/cmTC_de1df.dir/CheckSymbolExists.c.o   -c /home/lsa/ocean2/build_isolated/freefloating_gazebo_demo/CMakeFiles/CMakeTmp/CheckSymbolExists.c
Linking C executable cmTC_de1df
/usr/bin/cmake -E cmake_link_script CMakeFiles/cmTC_de1df.dir/link.txt --verbose=1
/usr/bin/cc       CMakeFiles/cmTC_de1df.dir/CheckSymbolExists.c.o  -o cmTC_de1df -rdynamic 
CMakeFiles/cmTC_de1df.dir/CheckSymbolExists.c.o: In function `main':
CheckSymbolExists.c:(.text+0x16): undefined reference to `pthread_create'
collect2: error: ld returned 1 exit status
CMakeFiles/cmTC_de1df.dir/build.make:97: recipe for target 'cmTC_de1df' failed
make[1]: *** [cmTC_de1df] Error 1
make[1]: Leaving directory '/home/lsa/ocean2/build_isolated/freefloating_gazebo_demo/CMakeFiles/CMakeTmp'
Makefile:126: recipe for target 'cmTC_de1df/fast' failed
make: *** [cmTC_de1df/fast] Error 2

File /home/lsa/ocean2/build_isolated/freefloating_gazebo_demo/CMakeFiles/CMakeTmp/CheckSymbolExists.c:
/* */
#include <pthread.h>

int main(int argc, char** argv)
{
  (void)argv;
#ifndef pthread_create
  return ((int*)(&pthread_create))[argc];
#else
  (void)argc;
  return 0;
#endif
}

Determining if the function pthread_create exists in the pthreads failed with the following output:
Change Dir: /home/lsa/ocean2/build_isolated/freefloating_gazebo_demo/CMakeFiles/CMakeTmp

Run Build Command:"/usr/bin/make" "cmTC_3761c/fast"
/usr/bin/make -f CMakeFiles/cmTC_3761c.dir/build.make CMakeFiles/cmTC_3761c.dir/build
make[1]: Entering directory '/home/lsa/ocean2/build_isolated/freefloating_gazebo_demo/CMakeFiles/CMakeTmp'
Building C object CMakeFiles/cmTC_3761c.dir/CheckFunctionExists.c.o
/usr/bin/cc    -DCHECK_FUNCTION_EXISTS=pthread_create   -o CMakeFiles/cmTC_3761c.dir/CheckFunctionExists.c.o   -c /usr/share/cmake-3.5/Modules/CheckFunctionExists.c
Linking C executable cmTC_3761c
/usr/bin/cmake -E cmake_link_script CMakeFiles/cmTC_3761c.dir/link.txt --verbose=1
/usr/bin/cc   -DCHECK_FUNCTION_EXISTS=pthread_create    CMakeFiles/cmTC_3761c.dir/CheckFunctionExists.c.o  -o cmTC_3761c -rdynamic -lpthreads 
/usr/bin/ld: cannot find -lpthreads
collect2: error: ld returned 1 exit status
CMakeFiles/cmTC_3761c.dir/build.make:97: recipe for target 'cmTC_3761c' failed
make[1]: *** [cmTC_3761c] Error 1
make[1]: Leaving directory '/home/lsa/ocean2/build_isolated/freefloating_gazebo_demo/CMakeFiles/CMakeTmp'
Makefile:126: recipe for target 'cmTC_3761c/fast' failed
make: *** [cmTC_3761c/fast] Error 2


