Determining if the pthread_create exist failed with the following output:
Change Dir: /home/lsa/ocean2/build_isolated/first_control/CMakeFiles/CMakeTmp

Run Build Command:"/usr/bin/make" "cmTC_b7dbb/fast"
/usr/bin/make -f CMakeFiles/cmTC_b7dbb.dir/build.make CMakeFiles/cmTC_b7dbb.dir/build
make[1]: Entering directory '/home/lsa/ocean2/build_isolated/first_control/CMakeFiles/CMakeTmp'
Building C object CMakeFiles/cmTC_b7dbb.dir/CheckSymbolExists.c.o
/usr/bin/cc     -o CMakeFiles/cmTC_b7dbb.dir/CheckSymbolExists.c.o   -c /home/lsa/ocean2/build_isolated/first_control/CMakeFiles/CMakeTmp/CheckSymbolExists.c
Linking C executable cmTC_b7dbb
/usr/bin/cmake -E cmake_link_script CMakeFiles/cmTC_b7dbb.dir/link.txt --verbose=1
/usr/bin/cc       CMakeFiles/cmTC_b7dbb.dir/CheckSymbolExists.c.o  -o cmTC_b7dbb -rdynamic 
CMakeFiles/cmTC_b7dbb.dir/CheckSymbolExists.c.o: In function `main':
CheckSymbolExists.c:(.text+0x16): undefined reference to `pthread_create'
collect2: error: ld returned 1 exit status
CMakeFiles/cmTC_b7dbb.dir/build.make:97: recipe for target 'cmTC_b7dbb' failed
make[1]: *** [cmTC_b7dbb] Error 1
make[1]: Leaving directory '/home/lsa/ocean2/build_isolated/first_control/CMakeFiles/CMakeTmp'
Makefile:126: recipe for target 'cmTC_b7dbb/fast' failed
make: *** [cmTC_b7dbb/fast] Error 2

File /home/lsa/ocean2/build_isolated/first_control/CMakeFiles/CMakeTmp/CheckSymbolExists.c:
/* */
#include <pthread.h>

int main(int argc, char** argv)
{
  (void)argv;
#ifndef pthread_create
  return ((int*)(&pthread_create))[argc];
#else
  (void)argc;
  return 0;
#endif
}

Determining if the function pthread_create exists in the pthreads failed with the following output:
Change Dir: /home/lsa/ocean2/build_isolated/first_control/CMakeFiles/CMakeTmp

Run Build Command:"/usr/bin/make" "cmTC_6d23f/fast"
/usr/bin/make -f CMakeFiles/cmTC_6d23f.dir/build.make CMakeFiles/cmTC_6d23f.dir/build
make[1]: Entering directory '/home/lsa/ocean2/build_isolated/first_control/CMakeFiles/CMakeTmp'
Building C object CMakeFiles/cmTC_6d23f.dir/CheckFunctionExists.c.o
/usr/bin/cc    -DCHECK_FUNCTION_EXISTS=pthread_create   -o CMakeFiles/cmTC_6d23f.dir/CheckFunctionExists.c.o   -c /usr/share/cmake-3.5/Modules/CheckFunctionExists.c
Linking C executable cmTC_6d23f
/usr/bin/cmake -E cmake_link_script CMakeFiles/cmTC_6d23f.dir/link.txt --verbose=1
/usr/bin/cc   -DCHECK_FUNCTION_EXISTS=pthread_create    CMakeFiles/cmTC_6d23f.dir/CheckFunctionExists.c.o  -o cmTC_6d23f -rdynamic -lpthreads 
/usr/bin/ld: cannot find -lpthreads
collect2: error: ld returned 1 exit status
CMakeFiles/cmTC_6d23f.dir/build.make:97: recipe for target 'cmTC_6d23f' failed
make[1]: *** [cmTC_6d23f] Error 1
make[1]: Leaving directory '/home/lsa/ocean2/build_isolated/first_control/CMakeFiles/CMakeTmp'
Makefile:126: recipe for target 'cmTC_6d23f/fast' failed
make: *** [cmTC_6d23f/fast] Error 2


