Determining if the pthread_create exist failed with the following output:
Change Dir: /home/lsa/ocean2/build_isolated/underwater_sensor_msgs/CMakeFiles/CMakeTmp

Run Build Command:"/usr/bin/make" "cmTC_08823/fast"
/usr/bin/make -f CMakeFiles/cmTC_08823.dir/build.make CMakeFiles/cmTC_08823.dir/build
make[1]: Entering directory '/home/lsa/ocean2/build_isolated/underwater_sensor_msgs/CMakeFiles/CMakeTmp'
Building C object CMakeFiles/cmTC_08823.dir/CheckSymbolExists.c.o
/usr/bin/cc     -o CMakeFiles/cmTC_08823.dir/CheckSymbolExists.c.o   -c /home/lsa/ocean2/build_isolated/underwater_sensor_msgs/CMakeFiles/CMakeTmp/CheckSymbolExists.c
Linking C executable cmTC_08823
/usr/bin/cmake -E cmake_link_script CMakeFiles/cmTC_08823.dir/link.txt --verbose=1
/usr/bin/cc       CMakeFiles/cmTC_08823.dir/CheckSymbolExists.c.o  -o cmTC_08823 -rdynamic 
CMakeFiles/cmTC_08823.dir/CheckSymbolExists.c.o: In function `main':
CheckSymbolExists.c:(.text+0x16): undefined reference to `pthread_create'
collect2: error: ld returned 1 exit status
CMakeFiles/cmTC_08823.dir/build.make:97: recipe for target 'cmTC_08823' failed
make[1]: *** [cmTC_08823] Error 1
make[1]: Leaving directory '/home/lsa/ocean2/build_isolated/underwater_sensor_msgs/CMakeFiles/CMakeTmp'
Makefile:126: recipe for target 'cmTC_08823/fast' failed
make: *** [cmTC_08823/fast] Error 2

File /home/lsa/ocean2/build_isolated/underwater_sensor_msgs/CMakeFiles/CMakeTmp/CheckSymbolExists.c:
/* */
#include <pthread.h>

int main(int argc, char** argv)
{
  (void)argv;
#ifndef pthread_create
  return ((int*)(&pthread_create))[argc];
#else
  (void)argc;
  return 0;
#endif
}

Determining if the function pthread_create exists in the pthreads failed with the following output:
Change Dir: /home/lsa/ocean2/build_isolated/underwater_sensor_msgs/CMakeFiles/CMakeTmp

Run Build Command:"/usr/bin/make" "cmTC_6f4bc/fast"
/usr/bin/make -f CMakeFiles/cmTC_6f4bc.dir/build.make CMakeFiles/cmTC_6f4bc.dir/build
make[1]: Entering directory '/home/lsa/ocean2/build_isolated/underwater_sensor_msgs/CMakeFiles/CMakeTmp'
Building C object CMakeFiles/cmTC_6f4bc.dir/CheckFunctionExists.c.o
/usr/bin/cc    -DCHECK_FUNCTION_EXISTS=pthread_create   -o CMakeFiles/cmTC_6f4bc.dir/CheckFunctionExists.c.o   -c /usr/share/cmake-3.5/Modules/CheckFunctionExists.c
Linking C executable cmTC_6f4bc
/usr/bin/cmake -E cmake_link_script CMakeFiles/cmTC_6f4bc.dir/link.txt --verbose=1
/usr/bin/cc   -DCHECK_FUNCTION_EXISTS=pthread_create    CMakeFiles/cmTC_6f4bc.dir/CheckFunctionExists.c.o  -o cmTC_6f4bc -rdynamic -lpthreads 
/usr/bin/ld: cannot find -lpthreads
collect2: error: ld returned 1 exit status
CMakeFiles/cmTC_6f4bc.dir/build.make:97: recipe for target 'cmTC_6f4bc' failed
make[1]: *** [cmTC_6f4bc] Error 1
make[1]: Leaving directory '/home/lsa/ocean2/build_isolated/underwater_sensor_msgs/CMakeFiles/CMakeTmp'
Makefile:126: recipe for target 'cmTC_6f4bc/fast' failed
make: *** [cmTC_6f4bc/fast] Error 2


